timestamp: 2012-09-23T01:16:29.232000
CREATE TABLE auth_user(
    id INTEGER PRIMARY KEY AUTOINCREMENT,
    first_name CHAR(128),
    last_name CHAR(128),
    email CHAR(512),
    password CHAR(512),
    registration_key CHAR(512),
    reset_password_key CHAR(512),
    registration_id CHAR(512)
);
success!
timestamp: 2012-09-23T01:16:29.345000
CREATE TABLE auth_group(
    id INTEGER PRIMARY KEY AUTOINCREMENT,
    role CHAR(512),
    description TEXT
);
success!
timestamp: 2012-09-23T01:16:29.461000
CREATE TABLE auth_membership(
    id INTEGER PRIMARY KEY AUTOINCREMENT,
    user_id INTEGER REFERENCES auth_user (id) ON DELETE CASCADE,
    group_id INTEGER REFERENCES auth_group (id) ON DELETE CASCADE
);
success!
timestamp: 2012-09-23T01:16:29.590000
CREATE TABLE auth_permission(
    id INTEGER PRIMARY KEY AUTOINCREMENT,
    group_id INTEGER REFERENCES auth_group (id) ON DELETE CASCADE,
    name CHAR(512),
    table_name CHAR(512),
    record_id INTEGER
);
success!
timestamp: 2012-09-23T01:16:29.682000
CREATE TABLE auth_event(
    id INTEGER PRIMARY KEY AUTOINCREMENT,
    time_stamp TIMESTAMP,
    client_ip CHAR(512),
    user_id INTEGER REFERENCES auth_user (id) ON DELETE CASCADE,
    origin CHAR(512),
    description TEXT
);
success!
timestamp: 2012-09-23T01:16:29.766000
CREATE TABLE auth_cas(
    id INTEGER PRIMARY KEY AUTOINCREMENT,
    user_id INTEGER REFERENCES auth_user (id) ON DELETE CASCADE,
    created_on TIMESTAMP,
    service CHAR(512),
    ticket CHAR(512),
    renew CHAR(1)
);
success!
timestamp: 2013-01-23T23:09:40.753000
CREATE TABLE location(
    id INTEGER PRIMARY KEY AUTOINCREMENT,
    name CHAR(512) NOT NULL,
    menu_url CHAR(512) NOT NULL,
    menu_json TEXT,
    time_last_update TIMESTAMP
);
success!
timestamp: 2013-02-23T13:59:01.869000
CREATE TABLE Menu(
    id INTEGER PRIMARY KEY AUTOINCREMENT,
    location INTEGER REFERENCES Location (id) ON DELETE CASCADE,
    name CHAR(512) NOT NULL,
    start_time TIMESTAMP,
    end_time TIMESTAMP,
    time_last_update TIMESTAMP
);
success!
timestamp: 2013-02-23T13:59:21.593000
CREATE TABLE MenuCategory(
    id INTEGER PRIMARY KEY AUTOINCREMENT,
    menu INTEGER REFERENCES Menu (id) ON DELETE CASCADE,
    name CHAR(512) NOT NULL
);
success!
timestamp: 2013-02-23T13:59:21.694000
CREATE TABLE Food(
    id INTEGER PRIMARY KEY AUTOINCREMENT,
    category INTEGER REFERENCES MenuCategory (id) ON DELETE CASCADE,
    name CHAR(512) NOT NULL,
    vegetarian CHAR(1),
    vegan CHAR(1),
    contains_nuts CHAR(1),
    time_last_update TIMESTAMP
);
success!
timestamp: 2013-02-23T14:00:56.420000
CREATE TABLE User(
    id INTEGER PRIMARY KEY AUTOINCREMENT,
    device_id CHAR(512) NOT NULL,
    name CHAR(512)
);
success!
timestamp: 2013-02-23T14:00:56.520000
CREATE TABLE FoodRating(
    id INTEGER PRIMARY KEY AUTOINCREMENT,
    user INTEGER REFERENCES User (id) ON DELETE CASCADE,
    food INTEGER REFERENCES Food (id) ON DELETE CASCADE,
    rating INTEGER NOT NULL,
    time_last_update TIMESTAMP NOT NULL
);
success!
timestamp: 2013-08-05T22:41:58.782000
ALTER TABLE FoodRating ADD time_created TIMESTAMP NOT NULL;
timestamp: 2013-08-05T22:42:54.008000
ALTER TABLE FoodRating ADD time_created TIMESTAMP;
